#
# A fatal error has been detected by the Java Runtime Environment:
#
#  EXCEPTION_ACCESS_VIOLATION (0xc0000005) at pc=0x0000000065291e56, pid=21752, tid=0x0000000000001e68
#
# JRE version: OpenJDK Runtime Environment (8.0_212-b04) (build 1.8.0_212-release-1586-b04)
# Java VM: OpenJDK 64-Bit Server VM (25.212-b04 mixed mode windows-amd64 compressed oops)
# Problematic frame:
# V  [jvm.dll+0x3d1e56]
#
# Failed to write core dump. Minidumps are not enabled by default on client versions of Windows
#
# If you would like to submit a bug report, please visit:
#   
#

---------------  T H R E A D  ---------------

Current thread (0x000000000299f800):  GCTaskThread [stack: 0x0000000012850000,0x0000000012950000] [id=7784]

siginfo: ExceptionCode=0xc0000005, ExceptionInformation=0x0000000000000008 0x000000009bc34000

Registers:
RAX=0x0000000002a73870, RBX=0x0000000000000007, RCX=0x0000000002a755e0, RDX=0x0000000000000000
RSP=0x000000001294f660, RBP=0x000000001294f740, RSI=0x0000000000000005, RDI=0x0000000002a72c40
R8 =0x0000000000000332, R9 =0x000000003c7e6afc, R10=0x0000000000000004, R11=0x00000000fbf94068
R12=0x0000000000000002, R13=0x000000001294f758, R14=0x0000000000000000, R15=0x000000000299fcc0
RIP=0x0000000065291e56, EFLAGS=0x0000000000010293

Top of Stack: (sp=0x000000001294f660)
0x000000001294f660:   00000000fbf8f388 000000006528ee01
0x000000001294f670:   00000f47000009c8 0000000000000004
0x000000001294f680:   0000149a00001676 00000f47000009c8
0x000000001294f690:   0000000000000400 00000f46000009c8
0x000000001294f6a0:   00002376000023be 00002376000023c8
0x000000001294f6b0:   000000000299fcb0 0000000002992010
0x000000001294f6c0:   000000000299fcb0 0000000002992010
0x000000001294f6d0:   000000000299fcb0 0000000002992010
0x000000001294f6e0:   00000000654d94e8 000000001f56ec10
0x000000001294f6f0:   0000000000000005 000000006529240d
0x000000001294f700:   00000f46000009c8 0000000002a75740
0x000000001294f710:   0000000000000000 00000000fbf8f395
0x000000001294f720:   000000001f56ec10 0000000000000000
0x000000001294f730:   0000000000000000 0000000065280a0e
0x000000001294f740:   000000003c7e6afc 000000000299f800
0x000000001294f750:   0000000000000000 0000000000000000 

Instructions: (pc=0x0000000065291e56)
0x0000000065291e36:   75 07 ff 84 24 a4 00 00 00 48 8b 8c 24 a0 00 00
0x0000000065291e46:   00 48 89 5c 24 48 48 89 4c 24 38 e9 00 01 00 00
0x0000000065291e56:   48 8b 14 d8 48 8b 42 08 8b 0a 48 89 44 24 20 8b
0x0000000065291e66:   44 24 20 2b c8 81 e1 ff ff 01 00 81 f9 ff ff 01 


Register to memory mapping:

RAX=0x0000000002a73870 is an unknown value
RBX=0x0000000000000007 is an unknown value
RCX=0x0000000002a755e0 is an unknown value
RDX=0x0000000000000000 is an unknown value
RSP=0x000000001294f660 is an unknown value
RBP=0x000000001294f740 is an unknown value
RSI=0x0000000000000005 is an unknown value
RDI=0x0000000002a72c40 is an unknown value
R8 =0x0000000000000332 is an unknown value
R9 =0x000000003c7e6afc is an unknown value
R10=0x0000000000000004 is an unknown value
R11=0x00000000fbf94068 is an oop

[error occurred during error reporting (printing register info), id 0xc0000005]

Stack: [0x0000000012850000,0x0000000012950000],  sp=0x000000001294f660,  free space=1021k
Native frames: (J=compiled Java code, j=interpreted, Vv=VM code, C=native code)
V  [jvm.dll+0x3d1e56]
V  [jvm.dll+0x3d240d]
V  [jvm.dll+0x3c0a0e]
V  [jvm.dll+0x26f53a]
C  [msvcr100.dll+0x21d9f]
C  [msvcr100.dll+0x21e3b]
C  [KERNEL32.DLL+0x17bd4]
C  [ntdll.dll+0x6ced1]


---------------  P R O C E S S  ---------------

Java Threads: ( => current thread )
  0x0000000023310800 JavaThread "Execution worker for ':' Thread 7" [_thread_blocked, id=3104, stack(0x0000000028bd0000,0x0000000028cd0000)]
  0x0000000023310000 JavaThread "Execution worker for ':' Thread 6" [_thread_blocked, id=22932, stack(0x0000000028ad0000,0x0000000028bd0000)]
  0x0000000023313000 JavaThread "Execution worker for ':' Thread 5" [_thread_blocked, id=21912, stack(0x00000000289d0000,0x0000000028ad0000)]
  0x0000000023315000 JavaThread "Execution worker for ':' Thread 4" [_thread_blocked, id=8540, stack(0x00000000288d0000,0x00000000289d0000)]
  0x0000000023314800 JavaThread "Execution worker for ':' Thread 3" [_thread_blocked, id=28176, stack(0x00000000287d0000,0x00000000288d0000)]
  0x0000000023309000 JavaThread "Execution worker for ':' Thread 2" [_thread_blocked, id=23036, stack(0x00000000286d0000,0x00000000287d0000)]
  0x000000002330a800 JavaThread "Execution worker for ':'" [_thread_blocked, id=7068, stack(0x00000000285d0000,0x00000000286d0000)]
  0x0000000023308800 JavaThread "Cache worker for file content cache (C:\Users\Monolith\Documents\school\Spring2020\Thesis\WU-Capstone-Project\WillametteThesis\.gradle\5.6.4\fileContent)" [_thread_blocked, id=15384, stack(0x00000000282d0000,0x00000000283d0000)]
  0x000000002330f000 JavaThread "Cache worker for Build Output Cleanup Cache (C:\Users\Monolith\Documents\school\Spring2020\Thesis\WU-Capstone-Project\WillametteThesis\.gradle\buildOutputCleanup)" [_thread_blocked, id=20352, stack(0x00000000274d0000,0x00000000275d0000)]
  0x000000002330d800 JavaThread "Build operations Thread 8" [_thread_blocked, id=9156, stack(0x0000000026fe0000,0x00000000270e0000)]
  0x000000002330c000 JavaThread "Build operations Thread 7" [_thread_blocked, id=12972, stack(0x0000000026ee0000,0x0000000026fe0000)]
  0x0000000023305800 JavaThread "Build operations Thread 6" [_thread_blocked, id=2532, stack(0x0000000026900000,0x0000000026a00000)]
  0x000000001e905000 JavaThread "Build operations Thread 5" [_thread_blocked, id=26944, stack(0x0000000026400000,0x0000000026500000)]
  0x000000001e903800 JavaThread "Build operations Thread 4" [_thread_blocked, id=5588, stack(0x0000000026300000,0x0000000026400000)]
  0x000000001e902800 JavaThread "Build operations Thread 3" [_thread_blocked, id=28156, stack(0x0000000025bc0000,0x0000000025cc0000)]
  0x000000001e905800 JavaThread "Build operations Thread 2" [_thread_blocked, id=10992, stack(0x0000000025610000,0x0000000025710000)]
  0x000000001e8fb000 JavaThread "Build operations" [_thread_blocked, id=19544, stack(0x0000000024660000,0x0000000024760000)]
  0x000000001e902000 JavaThread "Cache worker for cache directory md-rule (C:\Users\Monolith\.gradle\caches\5.6.4\md-rule)" [_thread_blocked, id=18624, stack(0x0000000022550000,0x0000000022650000)]
  0x000000001e901000 JavaThread "Cache worker for cache directory md-supplier (C:\Users\Monolith\.gradle\caches\5.6.4\md-supplier)" [_thread_blocked, id=14784, stack(0x000000001fee0000,0x000000001ffe0000)]
  0x000000001e8f9800 JavaThread "Cache worker for file hash cache (C:\Users\Monolith\Documents\school\Spring2020\Thesis\WU-Capstone-Project\WillametteThesis\.gradle\5.6.4\fileHashes)" [_thread_blocked, id=4460, stack(0x000000001fde0000,0x000000001fee0000)]
  0x000000001e900800 JavaThread "Thread-70" [_thread_blocked, id=4612, stack(0x000000001f6e0000,0x000000001f7e0000)]
  0x000000001e8ff800 JavaThread "Stdin handler" [_thread_blocked, id=24384, stack(0x000000001cc40000,0x000000001cd40000)]
  0x000000001e8f9000 JavaThread "Asynchronous log dispatcher for DefaultDaemonConnection: socket connection from /127.0.0.1:51180 to /127.0.0.1:51246" [_thread_blocked, id=7656, stack(0x000000001cb40000,0x000000001cc40000)]
  0x000000001e8fd800 JavaThread "Daemon worker Thread 3" [_thread_blocked, id=1816, stack(0x000000001ca40000,0x000000001cb40000)]
  0x000000001e8fc800 JavaThread "Cancel handler" [_thread_blocked, id=18016, stack(0x000000001c640000,0x000000001c740000)]
  0x000000001e8ff000 JavaThread "Handler for socket connection from /127.0.0.1:51180 to /127.0.0.1:51246" [_thread_in_native, id=25308, stack(0x0000000000ea0000,0x0000000000fa0000)]
  0x000000001e8f8000 JavaThread "Daemon Thread 3" [_thread_blocked, id=20224, stack(0x0000000000ca0000,0x0000000000da0000)]
  0x0000000023306000 JavaThread "RMI Reaper" [_thread_blocked, id=10272, stack(0x00000000277d0000,0x00000000278d0000)]
  0x000000002330a000 JavaThread "RMI TCP Accept-0" daemon [_thread_in_native, id=17836, stack(0x00000000276d0000,0x00000000277d0000)]
  0x000000002330d000 JavaThread "GC Daemon" daemon [_thread_blocked, id=20360, stack(0x00000000275d0000,0x00000000276d0000)]
  0x0000000023307800 JavaThread "RMI Scheduler(0)" daemon [_thread_blocked, id=20268, stack(0x00000000273d0000,0x00000000274d0000)]
  0x000000001e907000 JavaThread "Cache worker for file content cache (C:\Users\Monolith\.gradle\caches\5.6.4\fileContent)" [_thread_blocked, id=15996, stack(0x0000000025510000,0x0000000025610000)]
  0x000000001e8fa800 JavaThread "Memory manager" [_thread_blocked, id=5740, stack(0x0000000024be0000,0x0000000024ce0000)]
  0x000000001e8fe000 JavaThread "Cache worker for execution history cache (C:\Users\Monolith\.gradle\caches\5.6.4\executionHistory)" [_thread_blocked, id=6528, stack(0x00000000211d0000,0x00000000212d0000)]
  0x000000001af33800 JavaThread "Cache worker for journal cache (C:\Users\Monolith\.gradle\caches\journal-1)" [_thread_blocked, id=13596, stack(0x000000001d240000,0x000000001d340000)]
  0x000000001af31000 JavaThread "File lock request listener" [_thread_in_native, id=26644, stack(0x000000001d140000,0x000000001d240000)]
  0x000000001b08d800 JavaThread "Cache worker for file hash cache (C:\Users\Monolith\.gradle\caches\5.6.4\fileHashes)" [_thread_blocked, id=12312, stack(0x000000001d040000,0x000000001d140000)]
  0x000000001afef000 JavaThread "Daemon periodic checks" [_thread_blocked, id=1856, stack(0x000000001c540000,0x000000001c640000)]
  0x000000001afe6800 JavaThread "Incoming local TCP Connector on port 51180" [_thread_in_native, id=24952, stack(0x000000001c300000,0x000000001c400000)]
  0x000000001af2f800 JavaThread "Daemon health stats" [_thread_blocked, id=2540, stack(0x000000001bcc0000,0x000000001bdc0000)]
  0x00000000186e6000 JavaThread "Service Thread" daemon [_thread_blocked, id=7560, stack(0x0000000019320000,0x0000000019420000)]
  0x000000001865c800 JavaThread "C1 CompilerThread3" daemon [_thread_blocked, id=5332, stack(0x0000000019220000,0x0000000019320000)]
  0x000000001684a000 JavaThread "C2 CompilerThread2" daemon [_thread_blocked, id=9148, stack(0x0000000019120000,0x0000000019220000)]
  0x0000000018651000 JavaThread "C2 CompilerThread1" daemon [_thread_blocked, id=26240, stack(0x0000000019020000,0x0000000019120000)]
  0x000000001864a000 JavaThread "C2 CompilerThread0" daemon [_thread_blocked, id=26952, stack(0x0000000018f20000,0x0000000019020000)]
  0x0000000018656800 JavaThread "Attach Listener" daemon [_thread_blocked, id=14184, stack(0x0000000018e20000,0x0000000018f20000)]
  0x0000000018655800 JavaThread "Signal Dispatcher" daemon [_thread_blocked, id=9276, stack(0x0000000018d20000,0x0000000018e20000)]
  0x0000000018641000 JavaThread "Finalizer" daemon [_thread_blocked, id=11820, stack(0x0000000018b20000,0x0000000018c20000)]
  0x0000000018640800 JavaThread "Reference Handler" daemon [_thread_blocked, id=12560, stack(0x0000000018a20000,0x0000000018b20000)]
  0x0000000000b1e800 JavaThread "main" [_thread_blocked, id=12900, stack(0x0000000002840000,0x0000000002940000)]

Other Threads:
  0x0000000016836000 VMThread [stack: 0x0000000018520000,0x0000000018620000] [id=17532]
  0x00000000186e6800 WatcherThread [stack: 0x0000000019420000,0x0000000019520000] [id=5004]

=>0x000000000299f800 (exited) GCTaskThread [stack: 0x0000000012850000,0x0000000012950000] [id=7784]

VM state:at safepoint (normal execution)

VM Mutex/Monitor currently owned by a thread:  ([mutex/lock_event])
[0x0000000000b1c970] Threads_lock - owner thread: 0x0000000016836000
[0x0000000000b1cb70] Heap_lock - owner thread: 0x000000002330a800

heap address: 0x00000000a0000000, size: 1536 MB, Compressed Oops mode: 32-bit
Narrow klass base: 0x0000000000000000, Narrow klass shift: 3
Compressed class space size: 1073741824 Address: 0x0000000100000000

Heap:
 PSYoungGen      total 463872K, used 148943K [0x00000000e0000000, 0x0000000100000000, 0x0000000100000000)
  eden space 425984K, 26% used [0x00000000e0000000,0x00000000e6c77e50,0x00000000fa000000)
  from space 37888K, 99% used [0x00000000fdb00000,0x00000000ffffc110,0x0000000100000000)
  to   space 49152K, 66% used [0x00000000fa000000,0x00000000fbfcc078,0x00000000fd000000)
 ParOldGen       total 239616K, used 71529K [0x00000000a0000000, 0x00000000aea00000, 0x00000000e0000000)
  object space 239616K, 29% used [0x00000000a0000000,0x00000000a45da6d0,0x00000000aea00000)
 Metaspace       used 94626K, capacity 98598K, committed 98840K, reserved 1134592K
  class space    used 12562K, capacity 13327K, committed 13352K, reserved 1048576K

Card table byte_map: [0x0000000011e40000,0x0000000012150000] byte_map_base: 0x0000000011940000

Marking Bits: (ParMarkBitMap*) 0x0000000065689f30
 Begin Bits: [0x0000000012b50000, 0x0000000014350000)
 End Bits:   [0x0000000014350000, 0x0000000015b50000)

Polling page: 0x0000000000b80000

CodeCache: size=245760Kb used=35508Kb max_used=35917Kb free=210251Kb
 bounds [0x0000000002a80000, 0x0000000004dc0000, 0x0000000011a80000]
 total_blobs=11852 nmethods=10967 adapters=795
 compilation: enabled

Compilation events (10 events):
Event: 230.378 Thread 0x000000001684a000 13056       4       java.util.zip.ZipInputStream::ensureOpen (18 bytes)
Event: 230.378 Thread 0x0000000018651000 nmethod 13039 0x0000000003128a10 code [0x0000000003128be0, 0x000000000312a168]
Event: 230.378 Thread 0x0000000018651000 13041       4       com.google.gson.stream.JsonReader::hasNext (30 bytes)
Event: 230.378 Thread 0x000000001684a000 nmethod 13056 0x0000000003ff4ed0 code [0x0000000003ff5000, 0x0000000003ff5078]
Event: 230.378 Thread 0x000000001684a000 13044       4       com.google.gson.internal.bind.TypeAdapters$16::read (38 bytes)
Event: 230.378 Thread 0x0000000018651000 nmethod 13041 0x0000000004a79b50 code [0x0000000004a79ca0, 0x0000000004a79d48]
Event: 230.378 Thread 0x0000000018651000 13046       4       com.google.gson.internal.bind.TypeAdapterRuntimeTypeWrapper::read (9 bytes)
Event: 230.378 Thread 0x000000001865c800 13055       3       java.io.PushbackInputStream::read (145 bytes)
Event: 230.379 Thread 0x000000001865c800 nmethod 13055 0x0000000004999b90 code [0x0000000004999d80, 0x000000000499a668]
Event: 230.379 Thread 0x000000001684a000 nmethod 13044 0x0000000002baa450 code [0x0000000002baa680, 0x0000000002baa798]

GC Heap History (10 events):
Event: 4.740 GC heap after
Heap after GC invocations=9 (full 2):
 PSYoungGen      total 332800K, used 18317K [0x00000000e0000000, 0x00000000fed00000, 0x0000000100000000)
  eden space 306688K, 0% used [0x00000000e0000000,0x00000000e0000000,0x00000000f2b80000)
  from space 26112K, 70% used [0x00000000f2b80000,0x00000000f3d63760,0x00000000f4500000)
  to   space 26624K, 0% used [0x00000000fd300000,0x00000000fd300000,0x00000000fed00000)
 ParOldGen       total 165376K, used 31834K [0x00000000a0000000, 0x00000000aa180000, 0x00000000e0000000)
  object space 165376K, 19% used [0x00000000a0000000,0x00000000a1f16bb0,0x00000000aa180000)
 Metaspace       used 57289K, capacity 58942K, committed 59160K, reserved 1099776K
  class space    used 7859K, capacity 8227K, committed 8232K, reserved 1048576K
}
Event: 4.740 GC heap before
{Heap before GC invocations=10 (full 3):
 PSYoungGen      total 332800K, used 18317K [0x00000000e0000000, 0x00000000fed00000, 0x0000000100000000)
  eden space 306688K, 0% used [0x00000000e0000000,0x00000000e0000000,0x00000000f2b80000)
  from space 26112K, 70% used [0x00000000f2b80000,0x00000000f3d63760,0x00000000f4500000)
  to   space 26624K, 0% used [0x00000000fd300000,0x00000000fd300000,0x00000000fed00000)
 ParOldGen       total 165376K, used 31834K [0x00000000a0000000, 0x00000000aa180000, 0x00000000e0000000)
  object space 165376K, 19% used [0x00000000a0000000,0x00000000a1f16bb0,0x00000000aa180000)
 Metaspace       used 57289K, capacity 58942K, committed 59160K, reserved 1099776K
  class space    used 7859K, capacity 8227K, committed 8232K, reserved 1048576K
Event: 4.825 GC heap after
Heap after GC invocations=10 (full 3):
 PSYoungGen      total 332800K, used 0K [0x00000000e0000000, 0x00000000fed00000, 0x0000000100000000)
  eden space 306688K, 0% used [0x00000000e0000000,0x00000000e0000000,0x00000000f2b80000)
  from space 26112K, 0% used [0x00000000f2b80000,0x00000000f2b80000,0x00000000f4500000)
  to   space 26624K, 0% used [0x00000000fd300000,0x00000000fd300000,0x00000000fed00000)
 ParOldGen       total 239616K, used 33202K [0x00000000a0000000, 0x00000000aea00000, 0x00000000e0000000)
  object space 239616K, 13% used [0x00000000a0000000,0x00000000a206ca00,0x00000000aea00000)
 Metaspace       used 57289K, capacity 58942K, committed 59160K, reserved 1099776K
  class space    used 7859K, capacity 8227K, committed 8232K, reserved 1048576K
}
Event: 5.822 GC heap before
{Heap before GC invocations=11 (full 3):
 PSYoungGen      total 332800K, used 306688K [0x00000000e0000000, 0x00000000fed00000, 0x0000000100000000)
  eden space 306688K, 100% used [0x00000000e0000000,0x00000000f2b80000,0x00000000f2b80000)
  from space 26112K, 0% used [0x00000000f2b80000,0x00000000f2b80000,0x00000000f4500000)
  to   space 26624K, 0% used [0x00000000fd300000,0x00000000fd300000,0x00000000fed00000)
 ParOldGen       total 239616K, used 33202K [0x00000000a0000000, 0x00000000aea00000, 0x00000000e0000000)
  object space 239616K, 13% used [0x00000000a0000000,0x00000000a206ca00,0x00000000aea00000)
 Metaspace       used 64378K, capacity 66896K, committed 66968K, reserved 1107968K
  class space    used 8816K, capacity 9318K, committed 9384K, reserved 1048576K
Event: 5.835 GC heap after
Heap after GC invocations=11 (full 3):
 PSYoungGen      total 446464K, used 26622K [0x00000000e0000000, 0x00000000fed00000, 0x0000000100000000)
  eden space 419840K, 0% used [0x00000000e0000000,0x00000000e0000000,0x00000000f9a00000)
  from space 26624K, 99% used [0x00000000fd300000,0x00000000fecff8f0,0x00000000fed00000)
  to   space 30720K, 0% used [0x00000000fb100000,0x00000000fb100000,0x00000000fcf00000)
 ParOldGen       total 239616K, used 33564K [0x00000000a0000000, 0x00000000aea00000, 0x00000000e0000000)
  object space 239616K, 14% used [0x00000000a0000000,0x00000000a20c7330,0x00000000aea00000)
 Metaspace       used 64378K, capacity 66896K, committed 66968K, reserved 1107968K
  class space    used 8816K, capacity 9318K, committed 9384K, reserved 1048576K
}
Event: 225.336 GC heap before
{Heap before GC invocations=12 (full 3):
 PSYoungGen      total 446464K, used 446462K [0x00000000e0000000, 0x00000000fed00000, 0x0000000100000000)
  eden space 419840K, 100% used [0x00000000e0000000,0x00000000f9a00000,0x00000000f9a00000)
  from space 26624K, 99% used [0x00000000fd300000,0x00000000fecff8f0,0x00000000fed00000)
  to   space 30720K, 0% used [0x00000000fb100000,0x00000000fb100000,0x00000000fcf00000)
 ParOldGen       total 239616K, used 33564K [0x00000000a0000000, 0x00000000aea00000, 0x00000000e0000000)
  object space 239616K, 14% used [0x00000000a0000000,0x00000000a20c7330,0x00000000aea00000)
 Metaspace       used 76443K, capacity 79460K, committed 79640K, reserved 1118208K
  class space    used 10117K, capacity 10701K, committed 10792K, reserved 1048576K
Event: 225.361 GC heap after
Heap after GC invocations=12 (full 3):
 PSYoungGen      total 474112K, used 30701K [0x00000000e0000000, 0x0000000100000000, 0x0000000100000000)
  eden space 443392K, 0% used [0x00000000e0000000,0x00000000e0000000,0x00000000fb100000)
  from space 30720K, 99% used [0x00000000fb100000,0x00000000fcefb7d0,0x00000000fcf00000)
  to   space 37888K, 0% used [0x00000000fdb00000,0x00000000fdb00000,0x0000000100000000)
 ParOldGen       total 239616K, used 40313K [0x00000000a0000000, 0x00000000aea00000, 0x00000000e0000000)
  object space 239616K, 16% used [0x00000000a0000000,0x00000000a275e4e8,0x00000000aea00000)
 Metaspace       used 76443K, capacity 79460K, committed 79640K, reserved 1118208K
  class space    used 10117K, capacity 10701K, committed 10792K, reserved 1048576K
}
Event: 229.847 GC heap before
{Heap before GC invocations=13 (full 3):
 PSYoungGen      total 474112K, used 474093K [0x00000000e0000000, 0x0000000100000000, 0x0000000100000000)
  eden space 443392K, 100% used [0x00000000e0000000,0x00000000fb100000,0x00000000fb100000)
  from space 30720K, 99% used [0x00000000fb100000,0x00000000fcefb7d0,0x00000000fcf00000)
  to   space 37888K, 0% used [0x00000000fdb00000,0x00000000fdb00000,0x0000000100000000)
 ParOldGen       total 239616K, used 40313K [0x00000000a0000000, 0x00000000aea00000, 0x00000000e0000000)
  object space 239616K, 16% used [0x00000000a0000000,0x00000000a275e4e8,0x00000000aea00000)
 Metaspace       used 90889K, capacity 94580K, committed 94744K, reserved 1130496K
  class space    used 12007K, capacity 12740K, committed 12840K, reserved 1048576K
Event: 229.867 GC heap after
Heap after GC invocations=13 (full 3):
 PSYoungGen      total 463872K, used 37872K [0x00000000e0000000, 0x0000000100000000, 0x0000000100000000)
  eden space 425984K, 0% used [0x00000000e0000000,0x00000000e0000000,0x00000000fa000000)
  from space 37888K, 99% used [0x00000000fdb00000,0x00000000ffffc110,0x0000000100000000)
  to   space 49152K, 0% used [0x00000000fa000000,0x00000000fa000000,0x00000000fd000000)
 ParOldGen       total 239616K, used 55498K [0x00000000a0000000, 0x00000000aea00000, 0x00000000e0000000)
  object space 239616K, 23% used [0x00000000a0000000,0x00000000a3632ba0,0x00000000aea00000)
 Metaspace       used 90889K, capacity 94580K, committed 94744K, reserved 1130496K
  class space    used 12007K, capacity 12740K, committed 12840K, reserved 1048576K
}
Event: 230.380 GC heap before
{Heap before GC invocations=14 (full 3):
 PSYoungGen      total 463872K, used 148943K [0x00000000e0000000, 0x0000000100000000, 0x0000000100000000)
  eden space 425984K, 26% used [0x00000000e0000000,0x00000000e6c77e50,0x00000000fa000000)
  from space 37888K, 99% used [0x00000000fdb00000,0x00000000ffffc110,0x0000000100000000)
  to   space 49152K, 0% used [0x00000000fa000000,0x00000000fa000000,0x00000000fd000000)
 ParOldGen       total 239616K, used 55498K [0x00000000a0000000, 0x00000000aea00000, 0x00000000e0000000)
  object space 239616K, 23% used [0x00000000a0000000,0x00000000a3632ba0,0x00000000aea00000)
 Metaspace       used 94626K, capacity 98598K, committed 98840K, reserved 1134592K
  class space    used 12562K, capacity 13327K, committed 13352K, reserved 1048576K

Deoptimization events (10 events):
Event: 230.361 Thread 0x0000000023315000 Uncommon trap: reason=unstable_if action=reinterpret pc=0x0000000004c0867c method=com.google.gson.stream.JsonReader.nextNonWhitespace(Z)I @ 277
Event: 230.373 Thread 0x0000000023313000 Uncommon trap: reason=unstable_if action=reinterpret pc=0x0000000004ac3c88 method=java.util.zip.ZipInputStream.readLOC()Ljava/util/zip/ZipEntry; @ 103
Event: 230.373 Thread 0x000000001e8fd800 Uncommon trap: reason=unstable_if action=reinterpret pc=0x0000000004ac3c88 method=java.util.zip.ZipInputStream.readLOC()Ljava/util/zip/ZipEntry; @ 103
Event: 230.374 Thread 0x0000000023315000 Uncommon trap: reason=unstable_if action=reinterpret pc=0x0000000004011db8 method=java.io.PushbackInputStream.read([BII)I @ 122
Event: 230.374 Thread 0x000000002330a800 Uncommon trap: reason=unstable_if action=reinterpret pc=0x00000000046f53a0 method=java.util.zip.ZipInputStream.readEnd(Ljava/util/zip/ZipEntry;)V @ 42
Event: 230.374 Thread 0x0000000023310800 Uncommon trap: reason=unstable_if action=reinterpret pc=0x00000000046532d4 method=java.util.zip.ZipInputStream.read([BII)I @ 38
Event: 230.374 Thread 0x000000002330a800 Uncommon trap: reason=unstable_if action=reinterpret pc=0x00000000046532d4 method=java.util.zip.ZipInputStream.read([BII)I @ 38
Event: 230.374 Thread 0x0000000023315000 Uncommon trap: reason=unstable_if action=reinterpret pc=0x00000000046532d4 method=java.util.zip.ZipInputStream.read([BII)I @ 38
Event: 230.374 Thread 0x0000000023313000 Uncommon trap: reason=unstable_if action=reinterpret pc=0x00000000046532d4 method=java.util.zip.ZipInputStream.read([BII)I @ 38
Event: 230.375 Thread 0x0000000023315000 Uncommon trap: reason=unstable_if action=reinterpret pc=0x0000000003f6cca8 method=java.io.PushbackInputStream.read([BII)I @ 122

Classes redefined (0 events):
No events

Internal exceptions (10 events):
Event: 230.284 Thread 0x000000001e8fd800 Exception <a 'java/lang/ClassNotFoundException': com/android/build/gradle/internal/tasks/AndroidVariantTaskCustomizer> (0x00000000e4762950) thrown at [D:\src\AOSP-openjdk-cygwin\jdk8u\hotspot\src\share\vm\classfile\systemDictionary.cpp, line 210]
Event: 230.284 Thread 0x000000001e8fd800 Exception <a 'java/lang/ClassNotFoundException': com/android/build/gradle/internal/tasks/IncrementalTaskCustomizer> (0x00000000e4798590) thrown at [D:\src\AOSP-openjdk-cygwin\jdk8u\hotspot\src\share\vm\classfile\systemDictionary.cpp, line 210]
Event: 230.284 Thread 0x000000001e8fd800 Exception <a 'java/lang/ClassNotFoundException': com/android/build/gradle/tasks/ResourceAwareTaskCustomizer> (0x00000000e47c8c00) thrown at [D:\src\AOSP-openjdk-cygwin\jdk8u\hotspot\src\share\vm\classfile\systemDictionary.cpp, line 210]
Event: 230.285 Thread 0x000000001e8fd800 Exception <a 'java/lang/ClassNotFoundException': com/android/build/gradle/tasks/MergeResourcesCustomizer> (0x00000000e4805080) thrown at [D:\src\AOSP-openjdk-cygwin\jdk8u\hotspot\src\share\vm\classfile\systemDictionary.cpp, line 210]
Event: 230.285 Thread 0x000000001e8fd800 Exception <a 'java/lang/ClassNotFoundException': com/android/build/gradle/tasks/MergeResources_DecoratedCustomizer> (0x00000000e48523e8) thrown at [D:\src\AOSP-openjdk-cygwin\jdk8u\hotspot\src\share\vm\classfile\systemDictionary.cpp, line 210]
Event: 230.374 Thread 0x0000000023310800 Implicit null exception at 0x000000000465301e to 0x00000000046532c5
Event: 230.374 Thread 0x000000002330a800 Implicit null exception at 0x000000000465301e to 0x00000000046532c5
Event: 230.374 Thread 0x0000000023315000 Implicit null exception at 0x000000000465301e to 0x00000000046532c5
Event: 230.374 Thread 0x0000000023313000 Implicit null exception at 0x000000000465301e to 0x00000000046532c5
Event: 230.378 Thread 0x0000000023315000 Exception <a 'sun/nio/fs/WindowsException'> (0x00000000e66e4120) thrown at [D:\src\AOSP-openjdk-cygwin\jdk8u\hotspot\src\share\vm\prims\jni.cpp, line 710]

Events (10 events):
Event: 230.379 Thread 0x000000001865c800 flushing nmethod 0x00000000034b7290
Event: 230.379 Thread 0x000000001865c800 flushing nmethod 0x00000000034bc250
Event: 230.379 Thread 0x000000001865c800 flushing nmethod 0x00000000034c4f50
Event: 230.379 Executing VM operation: CollectForMetadataAllocation
Event: 230.379 Executing VM operation: CollectForMetadataAllocation done
Event: 230.379 Executing VM operation: CollectForMetadataAllocation
Event: 230.379 Executing VM operation: CollectForMetadataAllocation done
Event: 230.379 Executing VM operation: CollectForMetadataAllocation
Event: 230.380 Executing VM operation: CollectForMetadataAllocation done
Event: 230.380 Executing VM operation: ParallelGCSystemGC


Dynamic libraries:
0x00007ff7f7c80000 - 0x00007ff7f7cb1000 	C:\Program Files\Android\Android Studio\jre\bin\java.exe
0x00007ffd244a0000 - 0x00007ffd24690000 	C:\WINDOWS\SYSTEM32\ntdll.dll
0x00007ffd22dc0000 - 0x00007ffd22e72000 	C:\WINDOWS\System32\KERNEL32.DLL
0x00007ffd217e0000 - 0x00007ffd21a83000 	C:\WINDOWS\System32\KERNELBASE.dll
0x00007ffd23530000 - 0x00007ffd235d3000 	C:\WINDOWS\System32\ADVAPI32.dll
0x00007ffd23b30000 - 0x00007ffd23bce000 	C:\WINDOWS\System32\msvcrt.dll
0x00007ffd22e80000 - 0x00007ffd22f17000 	C:\WINDOWS\System32\sechost.dll
0x00007ffd242c0000 - 0x00007ffd243e0000 	C:\WINDOWS\System32\RPCRT4.dll
0x00007ffd23310000 - 0x00007ffd234a4000 	C:\WINDOWS\System32\USER32.dll
0x00007ffd21430000 - 0x00007ffd21451000 	C:\WINDOWS\System32\win32u.dll
0x00007ffd23b00000 - 0x00007ffd23b26000 	C:\WINDOWS\System32\GDI32.dll
0x00007ffd21640000 - 0x00007ffd217d4000 	C:\WINDOWS\System32\gdi32full.dll
0x00007ffd21c10000 - 0x00007ffd21cae000 	C:\WINDOWS\System32\msvcp_win.dll
0x00007ffd21540000 - 0x00007ffd2163a000 	C:\WINDOWS\System32\ucrtbase.dll
0x00007ffd09fb0000 - 0x00007ffd0a235000 	C:\WINDOWS\WinSxS\amd64_microsoft.windows.common-controls_6595b64144ccf1df_6.0.18362.657_none_e6c5b579130e3898\COMCTL32.dll
0x00007ffd23690000 - 0x00007ffd239c6000 	C:\WINDOWS\System32\combase.dll
0x00007ffd214c0000 - 0x00007ffd21540000 	C:\WINDOWS\System32\bcryptPrimitives.dll
0x00007ffd22d10000 - 0x00007ffd22d3e000 	C:\WINDOWS\System32\IMM32.DLL
0x0000000064de0000 - 0x0000000064eb2000 	C:\Program Files\Android\Android Studio\jre\jre\bin\msvcr100.dll
0x0000000064ec0000 - 0x0000000065706000 	C:\Program Files\Android\Android Studio\jre\jre\bin\server\jvm.dll
0x00007ffd23de0000 - 0x00007ffd23de8000 	C:\WINDOWS\System32\PSAPI.DLL
0x00007ffd12b40000 - 0x00007ffd12b49000 	C:\WINDOWS\SYSTEM32\WSOCK32.dll
0x00007ffd22d50000 - 0x00007ffd22dbf000 	C:\WINDOWS\System32\WS2_32.dll
0x00007ffd1fdb0000 - 0x00007ffd1fdd4000 	C:\WINDOWS\SYSTEM32\WINMM.dll
0x00007ffd1fda0000 - 0x00007ffd1fdaa000 	C:\WINDOWS\SYSTEM32\VERSION.dll
0x00007ffd1fd70000 - 0x00007ffd1fd9d000 	C:\WINDOWS\SYSTEM32\WINMMBASE.dll
0x00007ffd21d60000 - 0x00007ffd21daa000 	C:\WINDOWS\System32\cfgmgr32.dll
0x00007ffd1c560000 - 0x00007ffd1c56f000 	C:\Program Files\Android\Android Studio\jre\jre\bin\verify.dll
0x00007ffd1c530000 - 0x00007ffd1c559000 	C:\Program Files\Android\Android Studio\jre\jre\bin\java.dll
0x00007ffd1bee0000 - 0x00007ffd1bef6000 	C:\Program Files\Android\Android Studio\jre\jre\bin\zip.dll
0x00007ffd22550000 - 0x00007ffd22c35000 	C:\WINDOWS\System32\SHELL32.dll
0x00007ffd23a50000 - 0x00007ffd23af9000 	C:\WINDOWS\System32\shcore.dll
0x00007ffd21db0000 - 0x00007ffd2252f000 	C:\WINDOWS\System32\windows.storage.dll
0x00007ffd213d0000 - 0x00007ffd213ef000 	C:\WINDOWS\System32\profapi.dll
0x00007ffd21380000 - 0x00007ffd213ca000 	C:\WINDOWS\System32\powrprof.dll
0x00007ffd21370000 - 0x00007ffd21380000 	C:\WINDOWS\System32\UMPDC.dll
0x00007ffd243e0000 - 0x00007ffd24432000 	C:\WINDOWS\System32\shlwapi.dll
0x00007ffd21410000 - 0x00007ffd21421000 	C:\WINDOWS\System32\kernel.appcore.dll
0x00007ffd22530000 - 0x00007ffd22547000 	C:\WINDOWS\System32\cryptsp.dll
0x00007ffd139f0000 - 0x00007ffd13a0a000 	C:\Program Files\Android\Android Studio\jre\jre\bin\net.dll
0x00007ffd16f50000 - 0x00007ffd17126000 	C:\WINDOWS\SYSTEM32\urlmon.dll
0x00007ffd16410000 - 0x00007ffd166b6000 	C:\WINDOWS\SYSTEM32\iertutil.dll
0x00007ffd20db0000 - 0x00007ffd20dbc000 	C:\WINDOWS\SYSTEM32\CRYPTBASE.DLL
0x00007ffd20be0000 - 0x00007ffd20c47000 	C:\WINDOWS\system32\mswsock.dll
0x00007ffd13950000 - 0x00007ffd13963000 	C:\Program Files\Android\Android Studio\jre\jre\bin\nio.dll
0x00007ffd05780000 - 0x00007ffd057a6000 	C:\Users\Monolith\.gradle\native\30\windows-amd64\native-platform.dll
0x00007ffd1c520000 - 0x00007ffd1c52d000 	C:\Program Files\Android\Android Studio\jre\jre\bin\management.dll
0x00007ffd20750000 - 0x00007ffd20783000 	C:\WINDOWS\system32\rsaenh.dll
0x00007ffd21be0000 - 0x00007ffd21c06000 	C:\WINDOWS\System32\bcrypt.dll
0x00007ffd21290000 - 0x00007ffd212b5000 	C:\WINDOWS\SYSTEM32\USERENV.dll
0x00007ffd208f0000 - 0x00007ffd2092a000 	C:\WINDOWS\SYSTEM32\IPHLPAPI.DLL
0x00007ffd22d40000 - 0x00007ffd22d48000 	C:\WINDOWS\System32\NSI.dll
0x00007ffd1b590000 - 0x00007ffd1b5a6000 	C:\WINDOWS\SYSTEM32\dhcpcsvc6.DLL
0x00007ffd1b570000 - 0x00007ffd1b58c000 	C:\WINDOWS\SYSTEM32\dhcpcsvc.DLL
0x00007ffd20930000 - 0x00007ffd209fa000 	C:\WINDOWS\SYSTEM32\DNSAPI.dll
0x00007ffd1c580000 - 0x00007ffd1c59e000 	C:\Users\Monolith\AppData\Local\Temp\native-platform7127586468938927686dir\native-platform.dll
0x00007ffd12340000 - 0x00007ffd12364000 	C:\Program Files\Android\Android Studio\jre\jre\bin\sunec.dll
0x00007ffd1a7c0000 - 0x00007ffd1a7ca000 	C:\Windows\System32\rasadhlp.dll
0x00007ffd1b410000 - 0x00007ffd1b487000 	C:\WINDOWS\System32\fwpuclnt.dll
0x00007ffd1c5a0000 - 0x00007ffd1c5ab000 	C:\Program Files\Android\Android Studio\jre\jre\bin\sunmscapi.dll
0x00007ffd21a90000 - 0x00007ffd21bd9000 	C:\WINDOWS\System32\CRYPT32.dll
0x00007ffd213f0000 - 0x00007ffd21402000 	C:\WINDOWS\System32\MSASN1.dll
0x00007ffd203d0000 - 0x00007ffd20401000 	C:\WINDOWS\SYSTEM32\ntmarta.dll
0x00007ffd1fb70000 - 0x00007ffd1fd64000 	C:\WINDOWS\SYSTEM32\dbghelp.dll

VM Arguments:
jvm_args: -Xmx1536m -Dfile.encoding=windows-1252 -Duser.country=US -Duser.language=en -Duser.variant 
java_command: org.gradle.launcher.daemon.bootstrap.GradleDaemon 5.6.4
java_class_path (initial): C:\Users\Monolith\.gradle\wrapper\dists\gradle-5.6.4-all\ankdp27end7byghfw1q2sw75f\gradle-5.6.4\lib\gradle-launcher-5.6.4.jar
Launcher Type: SUN_STANDARD

Environment Variables:
PATH=C:\Program Files (x86)\Common Files\Oracle\Java\javapath;C:\WINDOWS\system32;C:\WINDOWS;C:\WINDOWS\System32\Wbem;C:\WINDOWS\System32\WindowsPowerShell\v1.0\;C:\WINDOWS\System32\OpenSSH\;C:\Program Files\PuTTY\;C:\Program Files (x86)\Calibre2\;C:\Program Files\Mullvad VPN\resources;C:\Program Files (x86)\Gpg4win\..\GnuPG\bin;C:\Program Files\NVIDIA Corporation\NVIDIA NvDLISR;C:\Program Files (x86)\NVIDIA Corporation\PhysX\Common;C:\Users\Monolith\AppData\Local\Programs\Python\Python38\Scripts\;C:\Users\Monolith\AppData\Local\Programs\Python\Python38\;C:\Users\Monolith\AppData\Local\Microsoft\WindowsApps;;C:\Users\Monolith\AppData\Local\Programs\Microsoft VS Code\bin
USERNAME=Monolith
OS=Windows_NT
PROCESSOR_IDENTIFIER=Intel64 Family 6 Model 158 Stepping 13, GenuineIntel



---------------  S Y S T E M  ---------------

OS: Windows 10.0 , 64 bit Build 18362 (10.0.18362.329)

CPU:total 8 (initial active 8) (8 cores per cpu, 1 threads per core) family 6 model 158 stepping 13, cmov, cx8, fxsr, mmx, sse, sse2, sse3, ssse3, sse4.1, sse4.2, popcnt, avx, avx2, aes, clmul, erms, rtm, 3dnowpref, lzcnt, tsc, tscinvbit, bmi1, bmi2, adx

Memory: 4k page, physical 16710116k(3747896k free), swap 25098724k(3070616k free)

vm_info: OpenJDK 64-Bit Server VM (25.212-b04) for windows-amd64 JRE (1.8.0_212-release-1586-b04), built by "builder" with MS VC++ 10.0 (VS2010)

time: Wed Mar 04 11:00:56 2020
timezone: Pacific Standard Time
elapsed time: 230 seconds (0d 0h 3m 50s)

